Total: 58047 samples
   18572  32.0%  32.0%    23828  41.0% compute_accel._omp_fn.1
   16283  28.1%  60.0%    21962  37.8% compute_density._omp_fn.0
   10432  18.0%  78.0%    10432  18.0% do_spin (inline)
    4563   7.9%  85.9%     5047   8.7% omp_set_lock@OMP_1.0
    3611   6.2%  92.1%     3611   6.2% particle_neighborhood
    2400   4.1%  96.2%     2400   4.1% omp_unset_lock@OMP_1.0
     454   0.8%  97.0%      454   0.8% gomp_mutex_lock_slow
     314   0.5%  97.6%      352   0.6% hash_particles
     292   0.5%  98.1%      292   0.5% leapfrog_step
     251   0.4%  98.5%     6207  10.7% compute_accel
     215   0.4%  98.9%      215   0.4% __memset_sse2
     180   0.3%  99.2%      180   0.3% reflect_bc.isra.0
     147   0.3%  99.4%      159   0.3% _init
      85   0.1%  99.6%      142   0.2% __printf_fp
      57   0.1%  99.7%       57   0.1% check_state (inline)
      35   0.1%  99.7%       35   0.1% gomp_barrier_wait
      30   0.1%  99.8%       30   0.1% __mpn_mul_1
      18   0.0%  99.8%      172   0.3% _IO_vfprintf
      14   0.0%  99.8%       33   0.1% gomp_team_start
      13   0.0%  99.9%       30   0.1% hack_digit.15673
      10   0.0%  99.9%       10   0.0% futex_wake (inline)
      10   0.0%  99.9%       10   0.0% gomp_team_barrier_wait
       9   0.0%  99.9%        9   0.0% __GI_strlen
       9   0.0%  99.9%        9   0.0% omp_get_num_threads
       5   0.0%  99.9%        5   0.0% _IO_file_xsputn@@GLIBC_2.2.5
       4   0.0%  99.9%        4   0.0% __mpn_rshift
       4   0.0%  99.9%    50699  87.3% gomp_thread_start
       3   0.0% 100.0%        4   0.0% __isinf
       3   0.0% 100.0%        3   0.0% __mempcpy
       3   0.0% 100.0%        3   0.0% __mpn_extract_double
       3   0.0% 100.0%        3   0.0% _int_free
       2   0.0% 100.0%        9   0.0% __mpn_mul
       2   0.0% 100.0%        2   0.0% __write_nocancel
       2   0.0% 100.0%        4   0.0% futex_wait (inline)
       2   0.0% 100.0%     2511   4.3% gomp_team_barrier_wait_end
       1   0.0% 100.0%        1   0.0% __close_nocancel
       1   0.0% 100.0%        1   0.0% __mpn_lshift
       1   0.0% 100.0%        1   0.0% _pthread_cleanup_push_defer
       1   0.0% 100.0%        1   0.0% free
       1   0.0% 100.0%     7936  13.7% gomp_barrier_wait_end
       1   0.0% 100.0%      588   1.0% gomp_team_end
       1   0.0% 100.0%        1   0.0% isnan
       1   0.0% 100.0%        1   0.0% malloc
       1   0.0% 100.0%        1   0.0% strchrnul
       1   0.0% 100.0%      171   0.3% write_frame_data
       0   0.0% 100.0%        3   0.0% 0x0000000000a170bf
       0   0.0% 100.0%        1   0.0% 0x0000000000a18267
       0   0.0% 100.0%        1   0.0% 0x0000000000a19397
       0   0.0% 100.0%        1   0.0% 0x0000000000a1aa47
       0   0.0% 100.0%        1   0.0% 0x0000000000a1e87f
       0   0.0% 100.0%        1   0.0% 0x0000000000a1f117
       0   0.0% 100.0%        2   0.0% 0x0000000000abee7f
       0   0.0% 100.0%        1   0.0% 0x0000000000ac8cef
       0   0.0% 100.0%        3   0.0% 0x0000000000acc1bf
       0   0.0% 100.0%        1   0.0% 0x0000000000acf68f
       0   0.0% 100.0%        1   0.0% 0x0000000000ad2b5f
       0   0.0% 100.0%        6   0.0% 0x00002ba77e691d63
       0   0.0% 100.0%        4   0.0% 0x00002ba77e892d63
       0   0.0% 100.0%       11   0.0% 0x00002ba77ea93d63
       0   0.0% 100.0%        5   0.0% 0x00002ba77ec94d63
       0   0.0% 100.0%        9   0.0% 0x00002ba77ee95d63
       0   0.0% 100.0%        7   0.0% 0x00002ba77f096d63
       0   0.0% 100.0%        5   0.0% 0x00002ba77f297d63
       0   0.0% 100.0%        1   0.0% 0x00002ba77f29afff
       0   0.0% 100.0%        4   0.0% 0x00007fffa2db4463
       0   0.0% 100.0%       22   0.0% 0x00007fffa2db451f
       0   0.0% 100.0%       20   0.0% 0x00007fffa2db453f
       0   0.0% 100.0%        2   0.0% 0x2e8ba2e8ba2e8ba2
       0   0.0% 100.0%       39   0.1% 0x3b23d70affffffff
       0   0.0% 100.0%        1   0.0% 0x3b23d70b3ab3c011
       0   0.0% 100.0%        1   0.0% 0x3b23d70b3defdc83
       0   0.0% 100.0%        1   0.0% 0x3b23d70bb980063e
       0   0.0% 100.0%        1   0.0% 0x3b23d70bc1563a58
       0   0.0% 100.0%        1   0.0% GOMP_parallel_start
       0   0.0% 100.0%        2   0.0% _IO_do_write@@GLIBC_2.2.5
       0   0.0% 100.0%        1   0.0% _IO_file_close_it@@GLIBC_2.2.5
       0   0.0% 100.0%        2   0.0% _IO_file_overflow@@GLIBC_2.2.5
       0   0.0% 100.0%        2   0.0% _IO_file_write@@GLIBC_2.2.5
       0   0.0% 100.0%        1   0.0% _IO_file_xsgetn_internal
       0   0.0% 100.0%    50699  87.3% __clone
       0   0.0% 100.0%        2   0.0% __guess_grouping
       0   0.0% 100.0%     6906  11.9% __libc_start_main
       0   0.0% 100.0%        1   0.0% __mpn_mod_1
       0   0.0% 100.0%        1   0.0% __open_catalog
       0   0.0% 100.0%        1   0.0% _pthread_cleanup_pop
       0   0.0% 100.0%     6906  11.9% _start
       0   0.0% 100.0%       22   0.0% compare_unsigned
       0   0.0% 100.0%    10436  18.0% do_wait (inline)
       0   0.0% 100.0%        1   0.0% fclose@@GLIBC_2.2.5
       0   0.0% 100.0%      170   0.3% fprintf
       0   0.0% 100.0%        1   0.0% gomp_malloc
       0   0.0% 100.0%        1   0.0% gomp_new_team
       0   0.0% 100.0%     6906  11.9% main
       0   0.0% 100.0%       43   0.1% omp_destroy_lock@@OMP_3.0
       0   0.0% 100.0%       10   0.0% omp_test_nest_lock@OMP_1.0
       0   0.0% 100.0%        1   0.0% printf
       0   0.0% 100.0%    50699  87.3% start_thread
       0   0.0% 100.0%        2   0.0% strlen
