Total: 32489 samples
   15398  47.4%  47.4%    17190  52.9% compute_accel._omp_fn.1
   12442  38.3%  85.7%    14186  43.7% compute_density._omp_fn.0
    3063   9.4%  95.1%     3063   9.4% particle_neighborhood
     314   1.0%  96.1%      323   1.0% omp_set_lock@OMP_1.0
     310   1.0%  97.0%      316   1.0% hash_particles
     300   0.9%  98.0%      300   0.9% omp_unset_lock@OMP_1.0
     133   0.4%  98.4%      133   0.4% reflect_bc.isra.0
     131   0.4%  98.8%      131   0.4% leapfrog_step
     103   0.3%  99.1%    31810  97.9% compute_accel
      80   0.2%  99.3%      124   0.4% __printf_fp
      43   0.1%  99.5%       43   0.1% check_state (inline)
      40   0.1%  99.6%       45   0.1% _init
      31   0.1%  99.7%       31   0.1% __mpn_mul_1
      25   0.1%  99.8%      161   0.5% _IO_vfprintf
      22   0.1%  99.8%       22   0.1% __memset_sse2
      15   0.0%  99.9%       34   0.1% hack_digit.15673
       8   0.0%  99.9%        8   0.0% futex_wake (inline)
       5   0.0%  99.9%        6   0.0% _IO_file_xsputn@@GLIBC_2.2.5
       5   0.0%  99.9%        5   0.0% __isinf
       3   0.0%  99.9%        3   0.0% omp_get_num_threads
       2   0.0% 100.0%        2   0.0% __mpn_extract_double
       2   0.0% 100.0%        2   0.0% __write_nocancel
       2   0.0% 100.0%        2   0.0% _int_malloc
       2   0.0% 100.0%        2   0.0% gomp_team_start
       2   0.0% 100.0%        2   0.0% strchrnul
       1   0.0% 100.0%        1   0.0% __GI_strlen
       1   0.0% 100.0%        1   0.0% __mpn_lshift
       1   0.0% 100.0%        1   0.0% _int_free
       1   0.0% 100.0%        1   0.0% free
       1   0.0% 100.0%        4   0.0% gomp_new_team
       1   0.0% 100.0%        1   0.0% gomp_resolve_num_threads
       1   0.0% 100.0%        3   0.0% malloc
       1   0.0% 100.0%      162   0.5% write_frame_data
       0   0.0% 100.0%        1   0.0% 0x000000000089c0bf
       0   0.0% 100.0%        1   0.0% 0x00007fff47f097ef
       0   0.0% 100.0%       29   0.1% 0x00007fff47f09e83
       0   0.0% 100.0%       29   0.1% 0x00007fff47f09f3f
       0   0.0% 100.0%       20   0.1% 0x00007fff47f09f5f
       0   0.0% 100.0%        2   0.0% 0x2e8ba2e8ba2e8ba2
       0   0.0% 100.0%       19   0.1% 0x3b23d70affffffff
       0   0.0% 100.0%        1   0.0% 0x3b23d70b3b55ade7
       0   0.0% 100.0%        1   0.0% 0x3b23d70b3c6523b9
       0   0.0% 100.0%        1   0.0% 0x3b23d70b3f155ef8
       0   0.0% 100.0%        3   0.0% 0x3b23d70b7fffffff
       0   0.0% 100.0%        1   0.0% 0x3b23d70bba976627
       0   0.0% 100.0%        1   0.0% 0x3b23d70bbb32b584
       0   0.0% 100.0%        1   0.0% 0x3b23d70bbb3cdbbc
       0   0.0% 100.0%        1   0.0% 0x3b23d70bbb47a957
       0   0.0% 100.0%        1   0.0% 0x3b23d70bbb80c9d7
       0   0.0% 100.0%        1   0.0% 0x3b23d70bbb9c213d
       0   0.0% 100.0%        1   0.0% 0x3b23d70bbbd80b96
       0   0.0% 100.0%        1   0.0% 0x3b23d70bbc01a8a9
       0   0.0% 100.0%        1   0.0% 0x3b23d70bbe30556a
       0   0.0% 100.0%        1   0.0% 0x3b23d70bbeafcb67
       0   0.0% 100.0%        3   0.0% GOMP_parallel_end
       0   0.0% 100.0%        5   0.0% GOMP_parallel_start
       0   0.0% 100.0%        2   0.0% _IO_do_write@@GLIBC_2.2.5
       0   0.0% 100.0%        1   0.0% _IO_file_overflow@@GLIBC_2.2.5
       0   0.0% 100.0%        2   0.0% _IO_file_write@@GLIBC_2.2.5
       0   0.0% 100.0%        4   0.0% __guess_grouping
       0   0.0% 100.0%    32278  99.4% __libc_start_main
       0   0.0% 100.0%        5   0.0% __mpn_mul
       0   0.0% 100.0%    32278  99.4% _start
       0   0.0% 100.0%       14   0.0% compare_unsigned
       0   0.0% 100.0%      161   0.5% fprintf
       0   0.0% 100.0%        3   0.0% gomp_malloc
       0   0.0% 100.0%        8   0.0% gomp_team_barrier_wait_end
       0   0.0% 100.0%        9   0.0% gomp_team_end
       0   0.0% 100.0%    32278  99.4% main
       0   0.0% 100.0%       14   0.0% omp_destroy_lock@@OMP_3.0
